Arguments: 
  C:\Program Files\nodejs\node.exe C:\Users\Lytton\AppData\Roaming\npm\node_modules\yarn\bin\yarn.js add koa koa-statis -S

PATH: 
  D:\Python\Python38\Scripts\;D:\Python\Python38\;C:\Windows\system32;C:\Windows;C:\Windows\System32\Wbem;C:\Windows\System32\WindowsPowerShell\v1.0\;C:\Windows\System32\OpenSSH\;C:\Program Files\nodejs\;C:\Program Files\Git\cmd;D:\Java\jdk1.8.0_251\bin;D:\Java\jdk1.8.0_251\jre\bin;D:\apache-maven-3.6.3\bin;C:\Users\Lytton\AppData\Local\Microsoft\WindowsApps;C:\Users\Lytton\AppData\Roaming\npm;D:\Microsoft VS Code\bin;D:\JetBrains\IntelliJ IDEA\bin;

Yarn version: 
  1.21.1

Node version: 
  12.14.0

Platform: 
  win32 x64

Trace: 
  Error: https://registry.npm.taobao.org/koa-statis: Not found
      at Request.params.callback [as _callback] (C:\Users\Lytton\AppData\Roaming\npm\node_modules\yarn\lib\cli.js:66947:18)
      at Request.self.callback (C:\Users\Lytton\AppData\Roaming\npm\node_modules\yarn\lib\cli.js:140665:22)
      at Request.emit (events.js:210:5)
      at Request.<anonymous> (C:\Users\Lytton\AppData\Roaming\npm\node_modules\yarn\lib\cli.js:141637:10)
      at Request.emit (events.js:210:5)
      at IncomingMessage.<anonymous> (C:\Users\Lytton\AppData\Roaming\npm\node_modules\yarn\lib\cli.js:141559:12)
      at Object.onceWrapper (events.js:299:28)
      at IncomingMessage.emit (events.js:215:7)
      at endReadableNT (_stream_readable.js:1184:12)
      at processTicksAndRejections (internal/process/task_queues.js:80:21)

npm manifest: 
  {
    "name": "welcome",
    "version": "1.0.0",
    "main": "index.js",
    "license": "MIT"
  }

yarn manifest: 
  No manifest

Lockfile: 
  No lockfile
